# JRE version: Java(TM) SE Runtime Environment (8.0_171-b11) (build 1.8.0_171-b11)
# Java VM: Java HotSpot(TM) 64-Bit Server VM (25.171-b11 mixed mode windows-amd64 compressed oops)
Heap:
 PSYoungGen      total 217088K, used 61973K [0x00000000d5f80000, 0x00000000e7580000, 0x0000000100000000)
  eden space 200704K, 22% used [0x00000000d5f80000,0x00000000d8c0cd78,0x00000000e2380000)
  from space 16384K, 99% used [0x00000000e2380000,0x00000000e3378958,0x00000000e3380000)
  to   space 20480K, 0% used [0x00000000e6180000,0x00000000e6180000,0x00000000e7580000)
 ParOldGen       total 100352K, used 27631K [0x0000000081e00000, 0x0000000088000000, 0x00000000d5f80000)
  object space 100352K, 27% used [0x0000000081e00000,0x00000000838fbe20,0x0000000088000000)
 Metaspace       used 54294K, capacity 56406K, committed 56616K, reserved 1097728K
  class space    used 7514K, capacity 7916K, committed 7976K, reserved 1048576K
GC Heap History (10 events):
Event: 7.109 GC heap before
{Heap before GC invocations=9 (full 1):
 PSYoungGen      total 138240K, used 138239K [0x00000000d5f80000, 0x00000000e0d80000, 0x0000000100000000)
  eden space 129536K, 100% used [0x00000000d5f80000,0x00000000dde00000,0x00000000dde00000)
  from space 8704K, 99% used [0x00000000dde00000,0x00000000de67fd88,0x00000000de680000)
  to   space 10240K, 0% used [0x00000000e0380000,0x00000000e0380000,0x00000000e0d80000)
 ParOldGen       total 58368K, used 7880K [0x0000000081e00000, 0x0000000085700000, 0x00000000d5f80000)
  object space 58368K, 13% used [0x0000000081e00000,0x00000000825b2300,0x0000000085700000)
 Metaspace       used 29169K, capacity 30400K, committed 30464K, reserved 1075200K
  class space    used 4043K, capacity 4333K, committed 4352K, reserved 1048576K
Event: 7.124 GC heap after
Heap after GC invocations=9 (full 1):
 PSYoungGen      total 165376K, used 10222K [0x00000000d5f80000, 0x00000000e3c80000, 0x0000000100000000)
  eden space 155136K, 0% used [0x00000000d5f80000,0x00000000d5f80000,0x00000000df700000)
  from space 10240K, 99% used [0x00000000e0380000,0x00000000e0d7bb48,0x00000000e0d80000)
  to   space 12800K, 0% used [0x00000000df700000,0x00000000df700000,0x00000000e0380000)
 ParOldGen       total 58368K, used 11777K [0x0000000081e00000, 0x0000000085700000, 0x00000000d5f80000)
  object space 58368K, 20% used [0x0000000081e00000,0x00000000829806c8,0x0000000085700000)
 Metaspace       used 29169K, capacity 30400K, committed 30464K, reserved 1075200K
  class space    used 4043K, capacity 4333K, committed 4352K, reserved 1048576K
}
Event: 8.481 GC heap before
{Heap before GC invocations=10 (full 1):
 PSYoungGen      total 165376K, used 119487K [0x00000000d5f80000, 0x00000000e3c80000, 0x0000000100000000)
  eden space 155136K, 70% used [0x00000000d5f80000,0x00000000dca341a8,0x00000000df700000)
  from space 10240K, 99% used [0x00000000e0380000,0x00000000e0d7bb48,0x00000000e0d80000)
  to   space 12800K, 0% used [0x00000000df700000,0x00000000df700000,0x00000000e0380000)
 ParOldGen       total 58368K, used 11777K [0x0000000081e00000, 0x0000000085700000, 0x00000000d5f80000)
  object space 58368K, 20% used [0x0000000081e00000,0x00000000829806c8,0x0000000085700000)
 Metaspace       used 33811K, capacity 35416K, committed 35496K, reserved 1079296K
  class space    used 4672K, capacity 4995K, committed 5032K, reserved 1048576K
Event: 8.497 GC heap after
Heap after GC invocations=10 (full 1):
 PSYoungGen      total 167936K, used 12796K [0x00000000d5f80000, 0x00000000e4780000, 0x0000000100000000)
  eden space 155136K, 0% used [0x00000000d5f80000,0x00000000d5f80000,0x00000000df700000)
  from space 12800K, 99% used [0x00000000df700000,0x00000000e037f158,0x00000000e0380000)
  to   space 15872K, 0% used [0x00000000e3800000,0x00000000e3800000,0x00000000e4780000)
 ParOldGen       total 58368K, used 15613K [0x0000000081e00000, 0x0000000085700000, 0x00000000d5f80000)
  object space 58368K, 26% used [0x0000000081e00000,0x0000000082d3f418,0x0000000085700000)
 Metaspace       used 33811K, capacity 35416K, committed 35496K, reserved 1079296K
  class space    used 4672K, capacity 4995K, committed 5032K, reserved 1048576K
}
Event: 8.497 GC heap before
{Heap before GC invocations=11 (full 2):
 PSYoungGen      total 167936K, used 12796K [0x00000000d5f80000, 0x00000000e4780000, 0x0000000100000000)
  eden space 155136K, 0% used [0x00000000d5f80000,0x00000000d5f80000,0x00000000df700000)
  from space 12800K, 99% used [0x00000000df700000,0x00000000e037f158,0x00000000e0380000)
  to   space 15872K, 0% used [0x00000000e3800000,0x00000000e3800000,0x00000000e4780000)
 ParOldGen       total 58368K, used 15613K [0x0000000081e00000, 0x0000000085700000, 0x00000000d5f80000)
  object space 58368K, 26% used [0x0000000081e00000,0x0000000082d3f418,0x0000000085700000)
 Metaspace       used 33811K, capacity 35416K, committed 35496K, reserved 1079296K
  class space    used 4672K, capacity 4995K, committed 5032K, reserved 1048576K
Event: 8.587 GC heap after
Heap after GC invocations=11 (full 2):
 PSYoungGen      total 167936K, used 0K [0x00000000d5f80000, 0x00000000e4780000, 0x0000000100000000)
  eden space 155136K, 0% used [0x00000000d5f80000,0x00000000d5f80000,0x00000000df700000)
  from space 12800K, 0% used [0x00000000df700000,0x00000000df700000,0x00000000e0380000)
  to   space 15872K, 0% used [0x00000000e3800000,0x00000000e3800000,0x00000000e4780000)
 ParOldGen       total 100352K, used 21829K [0x0000000081e00000, 0x0000000088000000, 0x00000000d5f80000)
  object space 100352K, 21% used [0x0000000081e00000,0x0000000083351458,0x0000000088000000)
 Metaspace       used 33811K, capacity 35416K, committed 35496K, reserved 1079296K
  class space    used 4672K, capacity 4995K, committed 5032K, reserved 1048576K
}
Event: 12.459 GC heap before
{Heap before GC invocations=12 (full 2):
 PSYoungGen      total 167936K, used 155136K [0x00000000d5f80000, 0x00000000e4780000, 0x0000000100000000)
  eden space 155136K, 100% used [0x00000000d5f80000,0x00000000df700000,0x00000000df700000)
  from space 12800K, 0% used [0x00000000df700000,0x00000000df700000,0x00000000e0380000)
  to   space 15872K, 0% used [0x00000000e3800000,0x00000000e3800000,0x00000000e4780000)
 ParOldGen       total 100352K, used 21829K [0x0000000081e00000, 0x0000000088000000, 0x00000000d5f80000)
  object space 100352K, 21% used [0x0000000081e00000,0x0000000083351458,0x0000000088000000)
 Metaspace       used 39885K, capacity 41738K, committed 42024K, reserved 1085440K
  class space    used 5469K, capacity 5842K, committed 5928K, reserved 1048576K
Event: 12.470 GC heap after
Heap after GC invocations=12 (full 2):
 PSYoungGen      total 204800K, used 11497K [0x00000000d5f80000, 0x00000000e4380000, 0x0000000100000000)
  eden space 193024K, 0% used [0x00000000d5f80000,0x00000000d5f80000,0x00000000e1c00000)
  from space 11776K, 97% used [0x00000000e3800000,0x00000000e433a410,0x00000000e4380000)
  to   space 16384K, 0% used [0x00000000e2380000,0x00000000e2380000,0x00000000e3380000)
 ParOldGen       total 100352K, used 21837K [0x0000000081e00000, 0x0000000088000000, 0x00000000d5f80000)
  object space 100352K, 21% used [0x0000000081e00000,0x0000000083353458,0x0000000088000000)
 Metaspace       used 39885K, capacity 41738K, committed 42024K, reserved 1085440K
  class space    used 5469K, capacity 5842K, committed 5928K, reserved 1048576K
}
Event: 14.967 GC heap before
{Heap before GC invocations=13 (full 2):
 PSYoungGen      total 204800K, used 204521K [0x00000000d5f80000, 0x00000000e4380000, 0x0000000100000000)
  eden space 193024K, 100% used [0x00000000d5f80000,0x00000000e1c00000,0x00000000e1c00000)
  from space 11776K, 97% used [0x00000000e3800000,0x00000000e433a410,0x00000000e4380000)
  to   space 16384K, 0% used [0x00000000e2380000,0x00000000e2380000,0x00000000e3380000)
 ParOldGen       total 100352K, used 21837K [0x0000000081e00000, 0x0000000088000000, 0x00000000d5f80000)
  object space 100352K, 21% used [0x0000000081e00000,0x0000000083353458,0x0000000088000000)
 Metaspace       used 50779K, capacity 52846K, committed 52904K, reserved 1095680K
  class space    used 6923K, capacity 7332K, committed 7336K, reserved 1048576K
Event: 15.006 GC heap after
Heap after GC invocations=13 (full 2):
 PSYoungGen      total 217088K, used 16354K [0x00000000d5f80000, 0x00000000e7580000, 0x0000000100000000)
  eden space 200704K, 0% used [0x00000000d5f80000,0x00000000d5f80000,0x00000000e2380000)
  from space 16384K, 99% used [0x00000000e2380000,0x00000000e3378958,0x00000000e3380000)
  to   space 20480K, 0% used [0x00000000e6180000,0x00000000e6180000,0x00000000e7580000)
 ParOldGen       total 100352K, used 27631K [0x0000000081e00000, 0x0000000088000000, 0x00000000d5f80000)
  object space 100352K, 27% used [0x0000000081e00000,0x00000000838fbe20,0x0000000088000000)
 Metaspace       used 50779K, capacity 52846K, committed 52904K, reserved 1095680K
  class space    used 6923K, capacity 7332K, committed 7336K, reserved 1048576K
}

